<?xml version="1.0" encoding="UTF-8"?>
<testsuite xmlns:xsi="http://www.w3.org/2001/XMLSchema-instance" xsi:noNamespaceSchemaLocation="https://maven.apache.org/surefire/maven-surefire-plugin/xsd/surefire-test-report-3.0.xsd" version="3.0" name="com.jonny.configurationserver.ConfigurationServerApplicationTests" time="9.221" tests="1" errors="0" skipped="0" failures="0">
  <properties>
    <property name="java.specification.version" value="17"/>
    <property name="sun.jnu.encoding" value="UTF-8"/>
    <property name="java.class.path" value="/Users/jonasw/localdocs/microservices-course/my-microservices/configuration-server/target/test-classes:/Users/jonasw/localdocs/microservices-course/my-microservices/configuration-server/target/classes:/Users/jonasw/.m2/repository/org/springframework/boot/spring-boot-starter-actuator/3.1.5/spring-boot-starter-actuator-3.1.5.jar:/Users/jonasw/.m2/repository/org/springframework/boot/spring-boot-starter/3.1.5/spring-boot-starter-3.1.5.jar:/Users/jonasw/.m2/repository/org/springframework/boot/spring-boot/3.1.5/spring-boot-3.1.5.jar:/Users/jonasw/.m2/repository/org/springframework/spring-context/6.0.13/spring-context-6.0.13.jar:/Users/jonasw/.m2/repository/org/springframework/boot/spring-boot-autoconfigure/3.1.5/spring-boot-autoconfigure-3.1.5.jar:/Users/jonasw/.m2/repository/org/springframework/boot/spring-boot-starter-logging/3.1.5/spring-boot-starter-logging-3.1.5.jar:/Users/jonasw/.m2/repository/ch/qos/logback/logback-classic/1.4.11/logback-classic-1.4.11.jar:/Users/jonasw/.m2/repository/ch/qos/logback/logback-core/1.4.11/logback-core-1.4.11.jar:/Users/jonasw/.m2/repository/org/apache/logging/log4j/log4j-to-slf4j/2.20.0/log4j-to-slf4j-2.20.0.jar:/Users/jonasw/.m2/repository/org/apache/logging/log4j/log4j-api/2.20.0/log4j-api-2.20.0.jar:/Users/jonasw/.m2/repository/org/slf4j/jul-to-slf4j/2.0.9/jul-to-slf4j-2.0.9.jar:/Users/jonasw/.m2/repository/jakarta/annotation/jakarta.annotation-api/2.1.1/jakarta.annotation-api-2.1.1.jar:/Users/jonasw/.m2/repository/org/springframework/boot/spring-boot-actuator-autoconfigure/3.1.5/spring-boot-actuator-autoconfigure-3.1.5.jar:/Users/jonasw/.m2/repository/org/springframework/boot/spring-boot-actuator/3.1.5/spring-boot-actuator-3.1.5.jar:/Users/jonasw/.m2/repository/com/fasterxml/jackson/core/jackson-databind/2.15.3/jackson-databind-2.15.3.jar:/Users/jonasw/.m2/repository/com/fasterxml/jackson/datatype/jackson-datatype-jsr310/2.15.3/jackson-datatype-jsr310-2.15.3.jar:/Users/jonasw/.m2/repository/io/micrometer/micrometer-observation/1.11.5/micrometer-observation-1.11.5.jar:/Users/jonasw/.m2/repository/io/micrometer/micrometer-commons/1.11.5/micrometer-commons-1.11.5.jar:/Users/jonasw/.m2/repository/io/micrometer/micrometer-core/1.11.5/micrometer-core-1.11.5.jar:/Users/jonasw/.m2/repository/org/hdrhistogram/HdrHistogram/2.1.12/HdrHistogram-2.1.12.jar:/Users/jonasw/.m2/repository/org/latencyutils/LatencyUtils/2.0.3/LatencyUtils-2.0.3.jar:/Users/jonasw/.m2/repository/org/springframework/cloud/spring-cloud-config-server/4.0.4/spring-cloud-config-server-4.0.4.jar:/Users/jonasw/.m2/repository/org/springframework/cloud/spring-cloud-config-client/4.0.4/spring-cloud-config-client-4.0.4.jar:/Users/jonasw/.m2/repository/org/springframework/cloud/spring-cloud-commons/4.0.4/spring-cloud-commons-4.0.4.jar:/Users/jonasw/.m2/repository/org/springframework/cloud/spring-cloud-context/4.0.4/spring-cloud-context-4.0.4.jar:/Users/jonasw/.m2/repository/org/springframework/spring-web/6.0.13/spring-web-6.0.13.jar:/Users/jonasw/.m2/repository/org/springframework/spring-beans/6.0.13/spring-beans-6.0.13.jar:/Users/jonasw/.m2/repository/com/fasterxml/jackson/core/jackson-annotations/2.15.3/jackson-annotations-2.15.3.jar:/Users/jonasw/.m2/repository/org/springframework/boot/spring-boot-starter-web/3.1.5/spring-boot-starter-web-3.1.5.jar:/Users/jonasw/.m2/repository/org/springframework/boot/spring-boot-starter-json/3.1.5/spring-boot-starter-json-3.1.5.jar:/Users/jonasw/.m2/repository/com/fasterxml/jackson/datatype/jackson-datatype-jdk8/2.15.3/jackson-datatype-jdk8-2.15.3.jar:/Users/jonasw/.m2/repository/com/fasterxml/jackson/module/jackson-module-parameter-names/2.15.3/jackson-module-parameter-names-2.15.3.jar:/Users/jonasw/.m2/repository/org/springframework/boot/spring-boot-starter-tomcat/3.1.5/spring-boot-starter-tomcat-3.1.5.jar:/Users/jonasw/.m2/repository/org/apache/tomcat/embed/tomcat-embed-core/10.1.15/tomcat-embed-core-10.1.15.jar:/Users/jonasw/.m2/repository/org/apache/tomcat/embed/tomcat-embed-websocket/10.1.15/tomcat-embed-websocket-10.1.15.jar:/Users/jonasw/.m2/repository/org/springframework/spring-webmvc/6.0.13/spring-webmvc-6.0.13.jar:/Users/jonasw/.m2/repository/org/springframework/spring-aop/6.0.13/spring-aop-6.0.13.jar:/Users/jonasw/.m2/repository/org/springframework/spring-expression/6.0.13/spring-expression-6.0.13.jar:/Users/jonasw/.m2/repository/org/springframework/boot/spring-boot-starter-validation/3.1.5/spring-boot-starter-validation-3.1.5.jar:/Users/jonasw/.m2/repository/org/apache/tomcat/embed/tomcat-embed-el/10.1.15/tomcat-embed-el-10.1.15.jar:/Users/jonasw/.m2/repository/org/hibernate/validator/hibernate-validator/8.0.1.Final/hibernate-validator-8.0.1.Final.jar:/Users/jonasw/.m2/repository/jakarta/validation/jakarta.validation-api/3.0.2/jakarta.validation-api-3.0.2.jar:/Users/jonasw/.m2/repository/org/jboss/logging/jboss-logging/3.5.3.Final/jboss-logging-3.5.3.Final.jar:/Users/jonasw/.m2/repository/com/fasterxml/classmate/1.5.1/classmate-1.5.1.jar:/Users/jonasw/.m2/repository/org/springframework/security/spring-security-crypto/6.1.5/spring-security-crypto-6.1.5.jar:/Users/jonasw/.m2/repository/org/springframework/security/spring-security-rsa/1.0.12.RELEASE/spring-security-rsa-1.0.12.RELEASE.jar:/Users/jonasw/.m2/repository/org/bouncycastle/bcpkix-jdk18on/1.73/bcpkix-jdk18on-1.73.jar:/Users/jonasw/.m2/repository/org/bouncycastle/bcprov-jdk18on/1.73/bcprov-jdk18on-1.73.jar:/Users/jonasw/.m2/repository/org/bouncycastle/bcutil-jdk18on/1.73/bcutil-jdk18on-1.73.jar:/Users/jonasw/.m2/repository/org/apache/httpcomponents/client5/httpclient5/5.2.1/httpclient5-5.2.1.jar:/Users/jonasw/.m2/repository/org/apache/httpcomponents/core5/httpcore5/5.2.3/httpcore5-5.2.3.jar:/Users/jonasw/.m2/repository/org/apache/httpcomponents/core5/httpcore5-h2/5.2.3/httpcore5-h2-5.2.3.jar:/Users/jonasw/.m2/repository/org/slf4j/slf4j-api/2.0.9/slf4j-api-2.0.9.jar:/Users/jonasw/.m2/repository/org/eclipse/jgit/org.eclipse.jgit/6.4.0.202211300538-r/org.eclipse.jgit-6.4.0.202211300538-r.jar:/Users/jonasw/.m2/repository/com/googlecode/javaewah/JavaEWAH/1.1.13/JavaEWAH-1.1.13.jar:/Users/jonasw/.m2/repository/org/eclipse/jgit/org.eclipse.jgit.http.apache/6.4.0.202211300538-r/org.eclipse.jgit.http.apache-6.4.0.202211300538-r.jar:/Users/jonasw/.m2/repository/org/apache/httpcomponents/httpclient/4.5.13/httpclient-4.5.13.jar:/Users/jonasw/.m2/repository/commons-logging/commons-logging/1.2/commons-logging-1.2.jar:/Users/jonasw/.m2/repository/commons-codec/commons-codec/1.15/commons-codec-1.15.jar:/Users/jonasw/.m2/repository/org/apache/httpcomponents/httpcore/4.4.16/httpcore-4.4.16.jar:/Users/jonasw/.m2/repository/org/eclipse/jgit/org.eclipse.jgit.ssh.apache/6.4.0.202211300538-r/org.eclipse.jgit.ssh.apache-6.4.0.202211300538-r.jar:/Users/jonasw/.m2/repository/org/apache/sshd/sshd-osgi/2.9.2/sshd-osgi-2.9.2.jar:/Users/jonasw/.m2/repository/org/slf4j/jcl-over-slf4j/2.0.9/jcl-over-slf4j-2.0.9.jar:/Users/jonasw/.m2/repository/org/apache/sshd/sshd-sftp/2.9.2/sshd-sftp-2.9.2.jar:/Users/jonasw/.m2/repository/org/apache/sshd/sshd-core/2.9.2/sshd-core-2.9.2.jar:/Users/jonasw/.m2/repository/org/apache/sshd/sshd-common/2.9.2/sshd-common-2.9.2.jar:/Users/jonasw/.m2/repository/net/i2p/crypto/eddsa/0.3.0/eddsa-0.3.0.jar:/Users/jonasw/.m2/repository/org/yaml/snakeyaml/1.33/snakeyaml-1.33.jar:/Users/jonasw/.m2/repository/com/fasterxml/jackson/dataformat/jackson-dataformat-yaml/2.15.3/jackson-dataformat-yaml-2.15.3.jar:/Users/jonasw/.m2/repository/com/fasterxml/jackson/core/jackson-core/2.15.3/jackson-core-2.15.3.jar:/Users/jonasw/.m2/repository/org/springframework/boot/spring-boot-starter-test/3.1.5/spring-boot-starter-test-3.1.5.jar:/Users/jonasw/.m2/repository/org/springframework/boot/spring-boot-test/3.1.5/spring-boot-test-3.1.5.jar:/Users/jonasw/.m2/repository/org/springframework/boot/spring-boot-test-autoconfigure/3.1.5/spring-boot-test-autoconfigure-3.1.5.jar:/Users/jonasw/.m2/repository/com/jayway/jsonpath/json-path/2.8.0/json-path-2.8.0.jar:/Users/jonasw/.m2/repository/jakarta/xml/bind/jakarta.xml.bind-api/4.0.1/jakarta.xml.bind-api-4.0.1.jar:/Users/jonasw/.m2/repository/jakarta/activation/jakarta.activation-api/2.1.2/jakarta.activation-api-2.1.2.jar:/Users/jonasw/.m2/repository/net/minidev/json-smart/2.4.11/json-smart-2.4.11.jar:/Users/jonasw/.m2/repository/net/minidev/accessors-smart/2.4.11/accessors-smart-2.4.11.jar:/Users/jonasw/.m2/repository/org/ow2/asm/asm/9.3/asm-9.3.jar:/Users/jonasw/.m2/repository/org/assertj/assertj-core/3.24.2/assertj-core-3.24.2.jar:/Users/jonasw/.m2/repository/net/bytebuddy/byte-buddy/1.14.9/byte-buddy-1.14.9.jar:/Users/jonasw/.m2/repository/org/hamcrest/hamcrest/2.2/hamcrest-2.2.jar:/Users/jonasw/.m2/repository/org/junit/jupiter/junit-jupiter/5.9.3/junit-jupiter-5.9.3.jar:/Users/jonasw/.m2/repository/org/junit/jupiter/junit-jupiter-api/5.9.3/junit-jupiter-api-5.9.3.jar:/Users/jonasw/.m2/repository/org/opentest4j/opentest4j/1.2.0/opentest4j-1.2.0.jar:/Users/jonasw/.m2/repository/org/junit/platform/junit-platform-commons/1.9.3/junit-platform-commons-1.9.3.jar:/Users/jonasw/.m2/repository/org/apiguardian/apiguardian-api/1.1.2/apiguardian-api-1.1.2.jar:/Users/jonasw/.m2/repository/org/junit/jupiter/junit-jupiter-params/5.9.3/junit-jupiter-params-5.9.3.jar:/Users/jonasw/.m2/repository/org/junit/jupiter/junit-jupiter-engine/5.9.3/junit-jupiter-engine-5.9.3.jar:/Users/jonasw/.m2/repository/org/junit/platform/junit-platform-engine/1.9.3/junit-platform-engine-1.9.3.jar:/Users/jonasw/.m2/repository/org/mockito/mockito-core/5.3.1/mockito-core-5.3.1.jar:/Users/jonasw/.m2/repository/net/bytebuddy/byte-buddy-agent/1.14.9/byte-buddy-agent-1.14.9.jar:/Users/jonasw/.m2/repository/org/objenesis/objenesis/3.3/objenesis-3.3.jar:/Users/jonasw/.m2/repository/org/mockito/mockito-junit-jupiter/5.3.1/mockito-junit-jupiter-5.3.1.jar:/Users/jonasw/.m2/repository/org/skyscreamer/jsonassert/1.5.1/jsonassert-1.5.1.jar:/Users/jonasw/.m2/repository/com/vaadin/external/google/android-json/0.0.20131108.vaadin1/android-json-0.0.20131108.vaadin1.jar:/Users/jonasw/.m2/repository/org/springframework/spring-core/6.0.13/spring-core-6.0.13.jar:/Users/jonasw/.m2/repository/org/springframework/spring-jcl/6.0.13/spring-jcl-6.0.13.jar:/Users/jonasw/.m2/repository/org/springframework/spring-test/6.0.13/spring-test-6.0.13.jar:/Users/jonasw/.m2/repository/org/xmlunit/xmlunit-core/2.9.1/xmlunit-core-2.9.1.jar:"/>
    <property name="java.vm.vendor" value="Homebrew"/>
    <property name="sun.arch.data.model" value="64"/>
    <property name="java.vendor.url" value="https://github.com/Homebrew/homebrew-core/issues"/>
    <property name="user.timezone" value="Europe/Vienna"/>
    <property name="org.jboss.logging.provider" value="slf4j"/>
    <property name="os.name" value="Mac OS X"/>
    <property name="java.vm.specification.version" value="17"/>
    <property name="sun.java.launcher" value="SUN_STANDARD"/>
    <property name="user.country" value="AT"/>
    <property name="sun.boot.library.path" value="/opt/homebrew/Cellar/openjdk@17/17.0.8.1/libexec/openjdk.jdk/Contents/Home/lib"/>
    <property name="sun.java.command" value="/Users/jonasw/localdocs/microservices-course/my-microservices/configuration-server/target/surefire/surefirebooter-20231106174934001_16.jar /Users/jonasw/localdocs/microservices-course/my-microservices/configuration-server/target/surefire 2023-11-06T17-49-07_566-jvmRun1 surefire-20231106174934001_14tmp surefire_3-20231106174934001_15tmp"/>
    <property name="http.nonProxyHosts" value="local|*.local|169.254/16|*.169.254/16"/>
    <property name="jdk.debug" value="release"/>
    <property name="surefire.test.class.path" value="/Users/jonasw/localdocs/microservices-course/my-microservices/configuration-server/target/test-classes:/Users/jonasw/localdocs/microservices-course/my-microservices/configuration-server/target/classes:/Users/jonasw/.m2/repository/org/springframework/boot/spring-boot-starter-actuator/3.1.5/spring-boot-starter-actuator-3.1.5.jar:/Users/jonasw/.m2/repository/org/springframework/boot/spring-boot-starter/3.1.5/spring-boot-starter-3.1.5.jar:/Users/jonasw/.m2/repository/org/springframework/boot/spring-boot/3.1.5/spring-boot-3.1.5.jar:/Users/jonasw/.m2/repository/org/springframework/spring-context/6.0.13/spring-context-6.0.13.jar:/Users/jonasw/.m2/repository/org/springframework/boot/spring-boot-autoconfigure/3.1.5/spring-boot-autoconfigure-3.1.5.jar:/Users/jonasw/.m2/repository/org/springframework/boot/spring-boot-starter-logging/3.1.5/spring-boot-starter-logging-3.1.5.jar:/Users/jonasw/.m2/repository/ch/qos/logback/logback-classic/1.4.11/logback-classic-1.4.11.jar:/Users/jonasw/.m2/repository/ch/qos/logback/logback-core/1.4.11/logback-core-1.4.11.jar:/Users/jonasw/.m2/repository/org/apache/logging/log4j/log4j-to-slf4j/2.20.0/log4j-to-slf4j-2.20.0.jar:/Users/jonasw/.m2/repository/org/apache/logging/log4j/log4j-api/2.20.0/log4j-api-2.20.0.jar:/Users/jonasw/.m2/repository/org/slf4j/jul-to-slf4j/2.0.9/jul-to-slf4j-2.0.9.jar:/Users/jonasw/.m2/repository/jakarta/annotation/jakarta.annotation-api/2.1.1/jakarta.annotation-api-2.1.1.jar:/Users/jonasw/.m2/repository/org/springframework/boot/spring-boot-actuator-autoconfigure/3.1.5/spring-boot-actuator-autoconfigure-3.1.5.jar:/Users/jonasw/.m2/repository/org/springframework/boot/spring-boot-actuator/3.1.5/spring-boot-actuator-3.1.5.jar:/Users/jonasw/.m2/repository/com/fasterxml/jackson/core/jackson-databind/2.15.3/jackson-databind-2.15.3.jar:/Users/jonasw/.m2/repository/com/fasterxml/jackson/datatype/jackson-datatype-jsr310/2.15.3/jackson-datatype-jsr310-2.15.3.jar:/Users/jonasw/.m2/repository/io/micrometer/micrometer-observation/1.11.5/micrometer-observation-1.11.5.jar:/Users/jonasw/.m2/repository/io/micrometer/micrometer-commons/1.11.5/micrometer-commons-1.11.5.jar:/Users/jonasw/.m2/repository/io/micrometer/micrometer-core/1.11.5/micrometer-core-1.11.5.jar:/Users/jonasw/.m2/repository/org/hdrhistogram/HdrHistogram/2.1.12/HdrHistogram-2.1.12.jar:/Users/jonasw/.m2/repository/org/latencyutils/LatencyUtils/2.0.3/LatencyUtils-2.0.3.jar:/Users/jonasw/.m2/repository/org/springframework/cloud/spring-cloud-config-server/4.0.4/spring-cloud-config-server-4.0.4.jar:/Users/jonasw/.m2/repository/org/springframework/cloud/spring-cloud-config-client/4.0.4/spring-cloud-config-client-4.0.4.jar:/Users/jonasw/.m2/repository/org/springframework/cloud/spring-cloud-commons/4.0.4/spring-cloud-commons-4.0.4.jar:/Users/jonasw/.m2/repository/org/springframework/cloud/spring-cloud-context/4.0.4/spring-cloud-context-4.0.4.jar:/Users/jonasw/.m2/repository/org/springframework/spring-web/6.0.13/spring-web-6.0.13.jar:/Users/jonasw/.m2/repository/org/springframework/spring-beans/6.0.13/spring-beans-6.0.13.jar:/Users/jonasw/.m2/repository/com/fasterxml/jackson/core/jackson-annotations/2.15.3/jackson-annotations-2.15.3.jar:/Users/jonasw/.m2/repository/org/springframework/boot/spring-boot-starter-web/3.1.5/spring-boot-starter-web-3.1.5.jar:/Users/jonasw/.m2/repository/org/springframework/boot/spring-boot-starter-json/3.1.5/spring-boot-starter-json-3.1.5.jar:/Users/jonasw/.m2/repository/com/fasterxml/jackson/datatype/jackson-datatype-jdk8/2.15.3/jackson-datatype-jdk8-2.15.3.jar:/Users/jonasw/.m2/repository/com/fasterxml/jackson/module/jackson-module-parameter-names/2.15.3/jackson-module-parameter-names-2.15.3.jar:/Users/jonasw/.m2/repository/org/springframework/boot/spring-boot-starter-tomcat/3.1.5/spring-boot-starter-tomcat-3.1.5.jar:/Users/jonasw/.m2/repository/org/apache/tomcat/embed/tomcat-embed-core/10.1.15/tomcat-embed-core-10.1.15.jar:/Users/jonasw/.m2/repository/org/apache/tomcat/embed/tomcat-embed-websocket/10.1.15/tomcat-embed-websocket-10.1.15.jar:/Users/jonasw/.m2/repository/org/springframework/spring-webmvc/6.0.13/spring-webmvc-6.0.13.jar:/Users/jonasw/.m2/repository/org/springframework/spring-aop/6.0.13/spring-aop-6.0.13.jar:/Users/jonasw/.m2/repository/org/springframework/spring-expression/6.0.13/spring-expression-6.0.13.jar:/Users/jonasw/.m2/repository/org/springframework/boot/spring-boot-starter-validation/3.1.5/spring-boot-starter-validation-3.1.5.jar:/Users/jonasw/.m2/repository/org/apache/tomcat/embed/tomcat-embed-el/10.1.15/tomcat-embed-el-10.1.15.jar:/Users/jonasw/.m2/repository/org/hibernate/validator/hibernate-validator/8.0.1.Final/hibernate-validator-8.0.1.Final.jar:/Users/jonasw/.m2/repository/jakarta/validation/jakarta.validation-api/3.0.2/jakarta.validation-api-3.0.2.jar:/Users/jonasw/.m2/repository/org/jboss/logging/jboss-logging/3.5.3.Final/jboss-logging-3.5.3.Final.jar:/Users/jonasw/.m2/repository/com/fasterxml/classmate/1.5.1/classmate-1.5.1.jar:/Users/jonasw/.m2/repository/org/springframework/security/spring-security-crypto/6.1.5/spring-security-crypto-6.1.5.jar:/Users/jonasw/.m2/repository/org/springframework/security/spring-security-rsa/1.0.12.RELEASE/spring-security-rsa-1.0.12.RELEASE.jar:/Users/jonasw/.m2/repository/org/bouncycastle/bcpkix-jdk18on/1.73/bcpkix-jdk18on-1.73.jar:/Users/jonasw/.m2/repository/org/bouncycastle/bcprov-jdk18on/1.73/bcprov-jdk18on-1.73.jar:/Users/jonasw/.m2/repository/org/bouncycastle/bcutil-jdk18on/1.73/bcutil-jdk18on-1.73.jar:/Users/jonasw/.m2/repository/org/apache/httpcomponents/client5/httpclient5/5.2.1/httpclient5-5.2.1.jar:/Users/jonasw/.m2/repository/org/apache/httpcomponents/core5/httpcore5/5.2.3/httpcore5-5.2.3.jar:/Users/jonasw/.m2/repository/org/apache/httpcomponents/core5/httpcore5-h2/5.2.3/httpcore5-h2-5.2.3.jar:/Users/jonasw/.m2/repository/org/slf4j/slf4j-api/2.0.9/slf4j-api-2.0.9.jar:/Users/jonasw/.m2/repository/org/eclipse/jgit/org.eclipse.jgit/6.4.0.202211300538-r/org.eclipse.jgit-6.4.0.202211300538-r.jar:/Users/jonasw/.m2/repository/com/googlecode/javaewah/JavaEWAH/1.1.13/JavaEWAH-1.1.13.jar:/Users/jonasw/.m2/repository/org/eclipse/jgit/org.eclipse.jgit.http.apache/6.4.0.202211300538-r/org.eclipse.jgit.http.apache-6.4.0.202211300538-r.jar:/Users/jonasw/.m2/repository/org/apache/httpcomponents/httpclient/4.5.13/httpclient-4.5.13.jar:/Users/jonasw/.m2/repository/commons-logging/commons-logging/1.2/commons-logging-1.2.jar:/Users/jonasw/.m2/repository/commons-codec/commons-codec/1.15/commons-codec-1.15.jar:/Users/jonasw/.m2/repository/org/apache/httpcomponents/httpcore/4.4.16/httpcore-4.4.16.jar:/Users/jonasw/.m2/repository/org/eclipse/jgit/org.eclipse.jgit.ssh.apache/6.4.0.202211300538-r/org.eclipse.jgit.ssh.apache-6.4.0.202211300538-r.jar:/Users/jonasw/.m2/repository/org/apache/sshd/sshd-osgi/2.9.2/sshd-osgi-2.9.2.jar:/Users/jonasw/.m2/repository/org/slf4j/jcl-over-slf4j/2.0.9/jcl-over-slf4j-2.0.9.jar:/Users/jonasw/.m2/repository/org/apache/sshd/sshd-sftp/2.9.2/sshd-sftp-2.9.2.jar:/Users/jonasw/.m2/repository/org/apache/sshd/sshd-core/2.9.2/sshd-core-2.9.2.jar:/Users/jonasw/.m2/repository/org/apache/sshd/sshd-common/2.9.2/sshd-common-2.9.2.jar:/Users/jonasw/.m2/repository/net/i2p/crypto/eddsa/0.3.0/eddsa-0.3.0.jar:/Users/jonasw/.m2/repository/org/yaml/snakeyaml/1.33/snakeyaml-1.33.jar:/Users/jonasw/.m2/repository/com/fasterxml/jackson/dataformat/jackson-dataformat-yaml/2.15.3/jackson-dataformat-yaml-2.15.3.jar:/Users/jonasw/.m2/repository/com/fasterxml/jackson/core/jackson-core/2.15.3/jackson-core-2.15.3.jar:/Users/jonasw/.m2/repository/org/springframework/boot/spring-boot-starter-test/3.1.5/spring-boot-starter-test-3.1.5.jar:/Users/jonasw/.m2/repository/org/springframework/boot/spring-boot-test/3.1.5/spring-boot-test-3.1.5.jar:/Users/jonasw/.m2/repository/org/springframework/boot/spring-boot-test-autoconfigure/3.1.5/spring-boot-test-autoconfigure-3.1.5.jar:/Users/jonasw/.m2/repository/com/jayway/jsonpath/json-path/2.8.0/json-path-2.8.0.jar:/Users/jonasw/.m2/repository/jakarta/xml/bind/jakarta.xml.bind-api/4.0.1/jakarta.xml.bind-api-4.0.1.jar:/Users/jonasw/.m2/repository/jakarta/activation/jakarta.activation-api/2.1.2/jakarta.activation-api-2.1.2.jar:/Users/jonasw/.m2/repository/net/minidev/json-smart/2.4.11/json-smart-2.4.11.jar:/Users/jonasw/.m2/repository/net/minidev/accessors-smart/2.4.11/accessors-smart-2.4.11.jar:/Users/jonasw/.m2/repository/org/ow2/asm/asm/9.3/asm-9.3.jar:/Users/jonasw/.m2/repository/org/assertj/assertj-core/3.24.2/assertj-core-3.24.2.jar:/Users/jonasw/.m2/repository/net/bytebuddy/byte-buddy/1.14.9/byte-buddy-1.14.9.jar:/Users/jonasw/.m2/repository/org/hamcrest/hamcrest/2.2/hamcrest-2.2.jar:/Users/jonasw/.m2/repository/org/junit/jupiter/junit-jupiter/5.9.3/junit-jupiter-5.9.3.jar:/Users/jonasw/.m2/repository/org/junit/jupiter/junit-jupiter-api/5.9.3/junit-jupiter-api-5.9.3.jar:/Users/jonasw/.m2/repository/org/opentest4j/opentest4j/1.2.0/opentest4j-1.2.0.jar:/Users/jonasw/.m2/repository/org/junit/platform/junit-platform-commons/1.9.3/junit-platform-commons-1.9.3.jar:/Users/jonasw/.m2/repository/org/apiguardian/apiguardian-api/1.1.2/apiguardian-api-1.1.2.jar:/Users/jonasw/.m2/repository/org/junit/jupiter/junit-jupiter-params/5.9.3/junit-jupiter-params-5.9.3.jar:/Users/jonasw/.m2/repository/org/junit/jupiter/junit-jupiter-engine/5.9.3/junit-jupiter-engine-5.9.3.jar:/Users/jonasw/.m2/repository/org/junit/platform/junit-platform-engine/1.9.3/junit-platform-engine-1.9.3.jar:/Users/jonasw/.m2/repository/org/mockito/mockito-core/5.3.1/mockito-core-5.3.1.jar:/Users/jonasw/.m2/repository/net/bytebuddy/byte-buddy-agent/1.14.9/byte-buddy-agent-1.14.9.jar:/Users/jonasw/.m2/repository/org/objenesis/objenesis/3.3/objenesis-3.3.jar:/Users/jonasw/.m2/repository/org/mockito/mockito-junit-jupiter/5.3.1/mockito-junit-jupiter-5.3.1.jar:/Users/jonasw/.m2/repository/org/skyscreamer/jsonassert/1.5.1/jsonassert-1.5.1.jar:/Users/jonasw/.m2/repository/com/vaadin/external/google/android-json/0.0.20131108.vaadin1/android-json-0.0.20131108.vaadin1.jar:/Users/jonasw/.m2/repository/org/springframework/spring-core/6.0.13/spring-core-6.0.13.jar:/Users/jonasw/.m2/repository/org/springframework/spring-jcl/6.0.13/spring-jcl-6.0.13.jar:/Users/jonasw/.m2/repository/org/springframework/spring-test/6.0.13/spring-test-6.0.13.jar:/Users/jonasw/.m2/repository/org/xmlunit/xmlunit-core/2.9.1/xmlunit-core-2.9.1.jar:"/>
    <property name="sun.cpu.endian" value="little"/>
    <property name="user.home" value="/Users/jonasw"/>
    <property name="user.language" value="en"/>
    <property name="java.specification.vendor" value="Oracle Corporation"/>
    <property name="java.version.date" value="2023-08-24"/>
    <property name="java.home" value="/opt/homebrew/Cellar/openjdk@17/17.0.8.1/libexec/openjdk.jdk/Contents/Home"/>
    <property name="file.separator" value="/"/>
    <property name="basedir" value="/Users/jonasw/localdocs/microservices-course/my-microservices/configuration-server"/>
    <property name="java.vm.compressedOopsMode" value="Zero based"/>
    <property name="line.separator" value="&#10;"/>
    <property name="java.vm.specification.vendor" value="Oracle Corporation"/>
    <property name="java.specification.name" value="Java Platform API Specification"/>
    <property name="FILE_LOG_CHARSET" value="US-ASCII"/>
    <property name="java.awt.headless" value="true"/>
    <property name="surefire.real.class.path" value="/Users/jonasw/localdocs/microservices-course/my-microservices/configuration-server/target/surefire/surefirebooter-20231106174934001_16.jar"/>
    <property name="sun.management.compiler" value="HotSpot 64-Bit Tiered Compilers"/>
    <property name="ftp.nonProxyHosts" value="local|*.local|169.254/16|*.169.254/16"/>
    <property name="java.runtime.version" value="17.0.8.1+0"/>
    <property name="user.name" value="jonasw"/>
    <property name="path.separator" value=":"/>
    <property name="os.version" value="12.0.1"/>
    <property name="java.runtime.name" value="OpenJDK Runtime Environment"/>
    <property name="file.encoding" value="US-ASCII"/>
    <property name="java.vm.name" value="OpenJDK 64-Bit Server VM"/>
    <property name="java.vendor.version" value="Homebrew"/>
    <property name="localRepository" value="/Users/jonasw/.m2/repository"/>
    <property name="java.vendor.url.bug" value="https://github.com/Homebrew/homebrew-core/issues"/>
    <property name="java.io.tmpdir" value="/var/folders/z4/856_z2ld033btg01nfj7l0x80000gn/T/"/>
    <property name="idea.version" value="2022.2.3"/>
    <property name="java.version" value="17.0.8.1"/>
    <property name="user.dir" value="/Users/jonasw/localdocs/microservices-course/my-microservices/configuration-server"/>
    <property name="os.arch" value="aarch64"/>
    <property name="java.vm.specification.name" value="Java Virtual Machine Specification"/>
    <property name="PID" value="56727"/>
    <property name="CONSOLE_LOG_CHARSET" value="US-ASCII"/>
    <property name="native.encoding" value="US-ASCII"/>
    <property name="java.library.path" value="/Users/jonasw/Library/Java/Extensions:/Library/Java/Extensions:/Network/Library/Java/Extensions:/System/Library/Java/Extensions:/usr/lib/java:."/>
    <property name="java.vm.info" value="mixed mode, sharing"/>
    <property name="java.vendor" value="Homebrew"/>
    <property name="java.vm.version" value="17.0.8.1+0"/>
    <property name="sun.io.unicode.encoding" value="UnicodeBig"/>
    <property name="socksNonProxyHosts" value="local|*.local|169.254/16|*.169.254/16"/>
    <property name="java.class.version" value="61.0"/>
  </properties>
  <testcase name="contextLoads" classname="com.jonny.configurationserver.ConfigurationServerApplicationTests" time="0.77">
    <system-out><![CDATA[17:49:35.005 [main] INFO org.springframework.test.context.support.AnnotationConfigContextLoaderUtils -- Could not detect default configuration classes for test class [com.jonny.configurationserver.ConfigurationServerApplicationTests]: ConfigurationServerApplicationTests does not declare any static, non-private, non-final, nested classes annotated with @Configuration.
17:49:35.165 [main] INFO org.springframework.boot.test.context.SpringBootTestContextBootstrapper -- Found @SpringBootConfiguration com.jonny.configurationserver.ConfigurationServerApplication for test class com.jonny.configurationserver.ConfigurationServerApplicationTests

  .   ____          _            __ _ _
 /\\ / ___'_ __ _ _(_)_ __  __ _ \ \ \ \
( ( )\___ | '_ | '_| | '_ \/ _` | \ \ \ \
 \\/  ___)| |_)| | | | | || (_| |  ) ) ) )
  '  |____| .__|_| |_|_| |_\__, | / / / /
 =========|_|==============|___/=/_/_/_/
 :: Spring Boot ::                (v3.1.5)

2023-11-06T17:49:35.767+01:00  INFO 56727 --- [           main] .j.c.ConfigurationServerApplicationTests : Starting ConfigurationServerApplicationTests using Java 17.0.8.1 with PID 56727 (started by jonasw in /Users/jonasw/localdocs/microservices-course/my-microservices/configuration-server)
2023-11-06T17:49:35.768+01:00  INFO 56727 --- [           main] .j.c.ConfigurationServerApplicationTests : No active profile set, falling back to 1 default profile: "default"
2023-11-06T17:49:37.047+01:00  INFO 56727 --- [           main] o.s.cloud.context.scope.GenericScope     : BeanFactory id=78fff133-daf2-345e-88c5-f80ee0c8028d
2023-11-06T17:49:43.052+01:00  INFO 56727 --- [           main] o.s.b.a.e.web.EndpointLinksResolver      : Exposing 1 endpoint(s) beneath base path '/actuator'
2023-11-06T17:49:43.114+01:00  INFO 56727 --- [           main] .j.c.ConfigurationServerApplicationTests : Started ConfigurationServerApplicationTests in 7.739 seconds (process running for 9.085)
]]></system-out>
  </testcase>
</testsuite>